<?xml version="1.0" encoding="UTF-8"?>
<!-- Generated by org.testng.reporters.JUnitReportReporter -->
<testsuite hostname="DESKTOP-35L729R" failures="0" tests="1" name="test.Day2" time="0.004" errors="0" timestamp="2024-12-02T10:22:54 IST" skipped="0">
  <testcase classname="test.Day2" name="ploan" time="0.004"/>
  <system-out/>
</testsuite> <!-- test.Day2 -->
