<?xml version="1.0" encoding="UTF-8"?>
<!-- Generated by org.testng.reporters.JUnitReportReporter -->
<testsuite hostname="DESKTOP-35L729R" failures="0" tests="1" name="test.Day1" time="0.012" errors="0" timestamp="2024-12-02T10:22:54 IST" skipped="0">
  <testcase classname="test.Day1" name="demo" time="0.012"/>
  <system-out/>
</testsuite> <!-- test.Day1 -->
