<?xml version="1.0" encoding="UTF-8"?>
<!-- Generated by org.testng.reporters.JUnitReportReporter -->
<testsuite hostname="DESKTOP-35L729R" failures="0" tests="3" name="test.Day4" time="0.009" errors="0" timestamp="2024-12-02T10:22:55 IST" skipped="0">
  <testcase classname="test.Day4" name="MobielloginHomeloan" time="0.003"/>
  <system-out/>
  <testcase classname="test.Day4" name="webloginhomeLoan" time="0.003"/>
  <system-out/>
  <testcase classname="test.Day4" name="LoginApiHomeLoan" time="0.003"/>
  <system-out/>
</testsuite> <!-- test.Day4 -->
