<?xml version="1.0" encoding="UTF-8"?>
<!-- Generated by org.testng.reporters.JUnitReportReporter -->
<testsuite hostname="DESKTOP-35L729R" failures="0" tests="2" name="test.Dayt1" time="0.024" errors="0" timestamp="2024-11-29T11:32:24 IST" skipped="0">
  <testcase classname="test.Dayt1" name="SecondTest" time="0.020"/>
  <system-out/>
  <testcase classname="test.Dayt1" name="demo" time="0.004"/>
  <system-out/>
</testsuite> <!-- test.Dayt1 -->
